Rendering to 1024x1024 image
Loaded scene with 100000 circles
Loaded scene with 100000 circles
---------------------------------------------------------
Initializing CUDA for CudaRenderer
Found 1 CUDA devices
Device 0: NVIDIA T4G
   SMs:        40
   Global mem: 14914 MB
   CUDA Cap:   7.5
---------------------------------------------------------

Running benchmark, 1 frames, beginning at frame 0 ...
Dumping frames to logs/output_xxx.ppm
Copying image data from device
Wrote image file logs/output_0000.ppm
Copying image data from device
Mismatch detected at pixel [0][1], value = 0.585766, expected 0.830178 for color Red
Mismatch detected at pixel [0][2], value = 1.066834, expected 0.829029 for color Red
Mismatch detected at pixel [0][2], value = 0.695580, expected 0.229340 for color Blue
Mismatch detected at pixel [0][3], value = 0.610688, expected 0.827192 for color Red
Mismatch detected at pixel [0][3], value = 0.434280, expected 0.650668 for color Green
Mismatch detected at pixel [0][3], value = 0.378303, expected 0.228476 for color Blue
ERROR : Mismatch detected between reference and actual
