Rendering to 1024x1024 image
Loaded scene with 10000 circles
Loaded scene with 10000 circles
---------------------------------------------------------
Initializing CUDA for CudaRenderer
Found 1 CUDA devices
Device 0: NVIDIA T4G
   SMs:        40
   Global mem: 14914 MB
   CUDA Cap:   7.5
---------------------------------------------------------

Running benchmark, 1 frames, beginning at frame 0 ...
Dumping frames to logs/output_xxx.ppm
Copying image data from device
Wrote image file logs/output_0000.ppm
Copying image data from device
Mismatch detected at pixel [0][1], value = 0.772813, expected 0.498502 for color Red
Mismatch detected at pixel [0][1], value = 0.638578, expected 0.506066 for color Green
Mismatch detected at pixel [0][2], value = 1.000000, expected 0.498568 for color Red
Mismatch detected at pixel [0][2], value = 1.000000, expected 0.506060 for color Green
Mismatch detected at pixel [0][2], value = 1.000000, expected 0.820130 for color Blue
Mismatch detected at pixel [0][3], value = 0.732553, expected 0.498568 for color Red
ERROR : Mismatch detected between reference and actual
