Rendering to 1024x1024 image
Loaded scene with 3 circles
Loaded scene with 3 circles
---------------------------------------------------------
Initializing CUDA for CudaRenderer
Found 1 CUDA devices
Device 0: NVIDIA T4G
   SMs:        40
   Global mem: 14914 MB
   CUDA Cap:   7.5
---------------------------------------------------------

Running benchmark, 1 frames, beginning at frame 0 ...
Dumping frames to logs/output_xxx.ppm
Copying image data from device
Wrote image file logs/output_0000.ppm
Copying image data from device
Mismatch detected at pixel [205][102], value = 0.500000, expected 1.000000 for color Green
Mismatch detected at pixel [205][102], value = 0.500000, expected 1.000000 for color Blue
Mismatch detected at pixel [205][204], value = 0.500000, expected 1.000000 for color Red
Mismatch detected at pixel [205][204], value = 0.500000, expected 1.000000 for color Blue
Mismatch detected at pixel [205][307], value = 0.500000, expected 1.000000 for color Red
Mismatch detected at pixel [205][307], value = 0.500000, expected 1.000000 for color Green
ERROR : Mismatch detected between reference and actual
